Traceback (most recent call last):
  File "/opt/conda/lib/python3.10/site-packages/jupyter_cache/executors/utils.py", line 58, in single_nb_execution
    executenb(
  File "/opt/conda/lib/python3.10/site-packages/nbclient/client.py", line 1305, in execute
    return NotebookClient(nb=nb, resources=resources, km=km, **kwargs).execute()
  File "/opt/conda/lib/python3.10/site-packages/jupyter_core/utils/__init__.py", line 166, in wrapped
    return loop.run_until_complete(inner)
  File "/opt/conda/lib/python3.10/asyncio/base_events.py", line 649, in run_until_complete
    return future.result()
  File "/opt/conda/lib/python3.10/site-packages/nbclient/client.py", line 705, in async_execute
    await self.async_execute_cell(
  File "/opt/conda/lib/python3.10/site-packages/nbclient/client.py", line 1058, in async_execute_cell
    await self._check_raise_for_error(cell, cell_index, exec_reply)
  File "/opt/conda/lib/python3.10/site-packages/nbclient/client.py", line 914, in _check_raise_for_error
    raise CellExecutionError.from_cell_and_msg(cell, exec_reply_content)
nbclient.exceptions.CellExecutionError: An error occurred while executing the following cell:
------------------
if DOWNLOAD_LFP:
    # now use a utility to associate intervals of /rows with structures
    structure_acronyms, intervals = session.channel_structure_intervals(lfp["channel"])
    interval_midpoints = [aa + (bb - aa) / 2 for aa, bb in zip(intervals[:-1], intervals[1:])]
else:
    with open(Path(resources_dir) / 'ecephys_session' / 'structure_acronyms.json') as f:
        structure_acronyms = json.load(f)
        structure_acronyms = np.array(structure_acronyms)

    with open(Path(resources_dir) / 'ecephys_session' / 'intervals.json') as f:
        intervals = json.load(f)
        intervals = np.array(structure_acronyms)
print(structure_acronyms)
print(intervals)
------------------


[0;31m---------------------------------------------------------------------------[0m
[0;31mFileNotFoundError[0m                         Traceback (most recent call last)
Cell [0;32mIn[40], line 6[0m
[1;32m      4[0m     interval_midpoints [38;5;241m=[39m [aa [38;5;241m+[39m (bb [38;5;241m-[39m aa) [38;5;241m/[39m [38;5;241m2[39m [38;5;28;01mfor[39;00m aa, bb [38;5;129;01min[39;00m [38;5;28mzip[39m(intervals[:[38;5;241m-[39m[38;5;241m1[39m], intervals[[38;5;241m1[39m:])]
[1;32m      5[0m [38;5;28;01melse[39;00m:
[0;32m----> 6[0m     [38;5;28;01mwith[39;00m [38;5;28;43mopen[39;49m[43m([49m[43mPath[49m[43m([49m[43mresources_dir[49m[43m)[49m[43m [49m[38;5;241;43m/[39;49m[43m [49m[38;5;124;43m'[39;49m[38;5;124;43mecephys_session[39;49m[38;5;124;43m'[39;49m[43m [49m[38;5;241;43m/[39;49m[43m [49m[38;5;124;43m'[39;49m[38;5;124;43mstructure_acronyms.json[39;49m[38;5;124;43m'[39;49m[43m)[49m [38;5;28;01mas[39;00m f:
[1;32m      7[0m         structure_acronyms [38;5;241m=[39m json[38;5;241m.[39mload(f)
[1;32m      8[0m         structure_acronyms [38;5;241m=[39m np[38;5;241m.[39marray(structure_acronyms)

File [0;32m/opt/envs/allensdk/lib/python3.8/site-packages/IPython/core/interactiveshell.py:284[0m, in [0;36m_modified_open[0;34m(file, *args, **kwargs)[0m
[1;32m    277[0m [38;5;28;01mif[39;00m file [38;5;129;01min[39;00m {[38;5;241m0[39m, [38;5;241m1[39m, [38;5;241m2[39m}:
[1;32m    278[0m     [38;5;28;01mraise[39;00m [38;5;167;01mValueError[39;00m(
[1;32m    279[0m         [38;5;124mf[39m[38;5;124m"[39m[38;5;124mIPython won[39m[38;5;124m'[39m[38;5;124mt let you open fd=[39m[38;5;132;01m{[39;00mfile[38;5;132;01m}[39;00m[38;5;124m by default [39m[38;5;124m"[39m
[1;32m    280[0m         [38;5;124m"[39m[38;5;124mas it is likely to crash IPython. If you know what you are doing, [39m[38;5;124m"[39m
[1;32m    281[0m         [38;5;124m"[39m[38;5;124myou can use builtins[39m[38;5;124m'[39m[38;5;124m open.[39m[38;5;124m"[39m
[1;32m    282[0m     )
[0;32m--> 284[0m [38;5;28;01mreturn[39;00m [43mio_open[49m[43m([49m[43mfile[49m[43m,[49m[43m [49m[38;5;241;43m*[39;49m[43margs[49m[43m,[49m[43m [49m[38;5;241;43m*[39;49m[38;5;241;43m*[39;49m[43mkwargs[49m[43m)[49m

[0;31mFileNotFoundError[0m: [Errno 2] No such file or directory: '/root/capsule/databook/resources/ecephys_session/structure_acronyms.json'

